The target system is: Windows -  - 
The host system is: Linux - 4.13.12-1-ARCH - x86_64
Compiling the C compiler identification source file "CMakeCCompilerId.c" succeeded.
Compiler: /usr/bin/i686-w64-mingw32-gcc 
Build flags: 
Id flags:  

The output was:
0


Compilation of the C compiler identification source "CMakeCCompilerId.c" produced "a.exe"

The C compiler identification is GNU, found in "/home/hatf0/dev/blocklandjs/build/CMakeFiles/3.10.0/CompilerIdC/a.exe"

Compiling the CXX compiler identification source file "CMakeCXXCompilerId.cpp" succeeded.
Compiler: /usr/bin/i686-w64-mingw32-g++ 
Build flags: 
Id flags:  

The output was:
0


Compilation of the CXX compiler identification source "CMakeCXXCompilerId.cpp" produced "a.exe"

The CXX compiler identification is GNU, found in "/home/hatf0/dev/blocklandjs/build/CMakeFiles/3.10.0/CompilerIdCXX/a.exe"

Determining if the C compiler works passed with the following output:
Change Dir: /home/hatf0/dev/blocklandjs/build/CMakeFiles/CMakeTmp

Run Build Command:"/usr/bin/make" "cmTC_6fcdf/fast"
/usr/bin/make -f CMakeFiles/cmTC_6fcdf.dir/build.make CMakeFiles/cmTC_6fcdf.dir/build
make[1]: Entering directory '/home/hatf0/dev/blocklandjs/build/CMakeFiles/CMakeTmp'
Building C object CMakeFiles/cmTC_6fcdf.dir/testCCompiler.c.obj
/usr/bin/i686-w64-mingw32-gcc    -o CMakeFiles/cmTC_6fcdf.dir/testCCompiler.c.obj   -c /home/hatf0/dev/blocklandjs/build/CMakeFiles/CMakeTmp/testCCompiler.c
Linking C executable cmTC_6fcdf.exe
/usr/bin/cmake -E cmake_link_script CMakeFiles/cmTC_6fcdf.dir/link.txt --verbose=1
/usr/bin/cmake -E remove -f CMakeFiles/cmTC_6fcdf.dir/objects.a
/usr/bin/i686-w64-mingw32-ar cr CMakeFiles/cmTC_6fcdf.dir/objects.a @CMakeFiles/cmTC_6fcdf.dir/objects1.rsp
/usr/bin/i686-w64-mingw32-gcc      -Wl,--whole-archive CMakeFiles/cmTC_6fcdf.dir/objects.a -Wl,--no-whole-archive  -o cmTC_6fcdf.exe -Wl,--out-implib,libcmTC_6fcdf.dll.a -Wl,--major-image-version,0,--minor-image-version,0 @CMakeFiles/cmTC_6fcdf.dir/linklibs.rsp
make[1]: Leaving directory '/home/hatf0/dev/blocklandjs/build/CMakeFiles/CMakeTmp'


Detecting C compiler ABI info compiled with the following output:
Change Dir: /home/hatf0/dev/blocklandjs/build/CMakeFiles/CMakeTmp

Run Build Command:"/usr/bin/make" "cmTC_534df/fast"
/usr/bin/make -f CMakeFiles/cmTC_534df.dir/build.make CMakeFiles/cmTC_534df.dir/build
make[1]: Entering directory '/home/hatf0/dev/blocklandjs/build/CMakeFiles/CMakeTmp'
Building C object CMakeFiles/cmTC_534df.dir/CMakeCCompilerABI.c.obj
/usr/bin/i686-w64-mingw32-gcc    -o CMakeFiles/cmTC_534df.dir/CMakeCCompilerABI.c.obj   -c /usr/share/cmake-3.10/Modules/CMakeCCompilerABI.c
Linking C executable cmTC_534df.exe
/usr/bin/cmake -E cmake_link_script CMakeFiles/cmTC_534df.dir/link.txt --verbose=1
/usr/bin/cmake -E remove -f CMakeFiles/cmTC_534df.dir/objects.a
/usr/bin/i686-w64-mingw32-ar cr CMakeFiles/cmTC_534df.dir/objects.a @CMakeFiles/cmTC_534df.dir/objects1.rsp
/usr/bin/i686-w64-mingw32-gcc     -v -Wl,--whole-archive CMakeFiles/cmTC_534df.dir/objects.a -Wl,--no-whole-archive  -o cmTC_534df.exe -Wl,--out-implib,libcmTC_534df.dll.a -Wl,--major-image-version,0,--minor-image-version,0 
Using built-in specs.
COLLECT_GCC=/usr/bin/i686-w64-mingw32-gcc
COLLECT_LTO_WRAPPER=/usr/lib/gcc/i686-w64-mingw32/7.2.0/lto-wrapper
Target: i686-w64-mingw32
Configured with: /build/mingw-w64-gcc/src/gcc/configure --prefix=/usr --libexecdir=/usr/lib --target=i686-w64-mingw32 --enable-languages=c,lto,c++,objc,obj-c++,fortran,ada --enable-shared --enable-static --enable-threads=posix --enable-fully-dynamic-string --enable-libstdcxx-time=yes --with-system-zlib --enable-cloog-backend=isl --enable-lto --disable-dw2-exceptions --enable-libgomp --disable-multilib --enable-checking=release
Thread model: posix
gcc version 7.2.0 (GCC) 
COMPILER_PATH=/usr/lib/gcc/i686-w64-mingw32/7.2.0/:/usr/lib/gcc/i686-w64-mingw32/7.2.0/:/usr/lib/gcc/i686-w64-mingw32/:/usr/lib/gcc/i686-w64-mingw32/7.2.0/:/usr/lib/gcc/i686-w64-mingw32/:/usr/lib/gcc/i686-w64-mingw32/7.2.0/../../../../i686-w64-mingw32/bin/
LIBRARY_PATH=/usr/lib/gcc/i686-w64-mingw32/7.2.0/:/usr/lib/gcc/i686-w64-mingw32/7.2.0/../../../../i686-w64-mingw32/lib/../lib/:/usr/lib/gcc/i686-w64-mingw32/7.2.0/../../../../i686-w64-mingw32/lib/
COLLECT_GCC_OPTIONS='-v' '-o' 'cmTC_534df.exe' '-mtune=generic' '-march=pentiumpro'
 /usr/lib/gcc/i686-w64-mingw32/7.2.0/collect2 -plugin /usr/lib/gcc/i686-w64-mingw32/7.2.0/liblto_plugin.so -plugin-opt=/usr/lib/gcc/i686-w64-mingw32/7.2.0/lto-wrapper -plugin-opt=-fresolution=/tmp/ccfsmDWy.res -plugin-opt=-pass-through=-lmingw32 -plugin-opt=-pass-through=-lgcc -plugin-opt=-pass-through=-lgcc_eh -plugin-opt=-pass-through=-lmoldname -plugin-opt=-pass-through=-lmingwex -plugin-opt=-pass-through=-lmsvcrt -plugin-opt=-pass-through=-lpthread -plugin-opt=-pass-through=-ladvapi32 -plugin-opt=-pass-through=-lshell32 -plugin-opt=-pass-through=-luser32 -plugin-opt=-pass-through=-lkernel32 -plugin-opt=-pass-through=-lmingw32 -plugin-opt=-pass-through=-lgcc -plugin-opt=-pass-through=-lgcc_eh -plugin-opt=-pass-through=-lmoldname -plugin-opt=-pass-through=-lmingwex -plugin-opt=-pass-through=-lmsvcrt -m i386pe -Bdynamic -o cmTC_534df.exe /usr/lib/gcc/i686-w64-mingw32/7.2.0/../../../../i686-w64-mingw32/lib/../lib/crt2.o /usr/lib/gcc/i686-w64-mingw32/7.2.0/crtbegin.o -L/usr/lib/gcc/i686-w64-mingw32/7.2.0 -L/usr/lib/gcc/i686-w64-mingw32/7.2.0/../../../../i686-w64-mingw32/lib/../lib -L/usr/lib/gcc/i686-w64-mingw32/7.2.0/../../../../i686-w64-mingw32/lib --whole-archive CMakeFiles/cmTC_534df.dir/objects.a --no-whole-archive --out-implib libcmTC_534df.dll.a --major-image-version 0 --minor-image-version 0 -lmingw32 -lgcc -lgcc_eh -lmoldname -lmingwex -lmsvcrt -lpthread -ladvapi32 -lshell32 -luser32 -lkernel32 -lmingw32 -lgcc -lgcc_eh -lmoldname -lmingwex -lmsvcrt /usr/lib/gcc/i686-w64-mingw32/7.2.0/crtend.o
COLLECT_GCC_OPTIONS='-v' '-o' 'cmTC_534df.exe' '-mtune=generic' '-march=pentiumpro'
make[1]: Leaving directory '/home/hatf0/dev/blocklandjs/build/CMakeFiles/CMakeTmp'


Parsed C implicit link information from above output:
  link line regex: [^( *|.*[/\])(i686-w64-mingw32-ld|CMAKE_LINK_STARTFILE-NOTFOUND|([^/\]+-)?ld|collect2)[^/\]*( |$)]
  ignore line: [Change Dir: /home/hatf0/dev/blocklandjs/build/CMakeFiles/CMakeTmp]
  ignore line: []
  ignore line: [Run Build Command:"/usr/bin/make" "cmTC_534df/fast"]
  ignore line: [/usr/bin/make -f CMakeFiles/cmTC_534df.dir/build.make CMakeFiles/cmTC_534df.dir/build]
  ignore line: [make[1]: Entering directory '/home/hatf0/dev/blocklandjs/build/CMakeFiles/CMakeTmp']
  ignore line: [Building C object CMakeFiles/cmTC_534df.dir/CMakeCCompilerABI.c.obj]
  ignore line: [/usr/bin/i686-w64-mingw32-gcc    -o CMakeFiles/cmTC_534df.dir/CMakeCCompilerABI.c.obj   -c /usr/share/cmake-3.10/Modules/CMakeCCompilerABI.c]
  ignore line: [Linking C executable cmTC_534df.exe]
  ignore line: [/usr/bin/cmake -E cmake_link_script CMakeFiles/cmTC_534df.dir/link.txt --verbose=1]
  ignore line: [/usr/bin/cmake -E remove -f CMakeFiles/cmTC_534df.dir/objects.a]
  ignore line: [/usr/bin/i686-w64-mingw32-ar cr CMakeFiles/cmTC_534df.dir/objects.a @CMakeFiles/cmTC_534df.dir/objects1.rsp]
  ignore line: [/usr/bin/i686-w64-mingw32-gcc     -v -Wl,--whole-archive CMakeFiles/cmTC_534df.dir/objects.a -Wl,--no-whole-archive  -o cmTC_534df.exe -Wl,--out-implib,libcmTC_534df.dll.a -Wl,--major-image-version,0,--minor-image-version,0 ]
  ignore line: [Using built-in specs.]
  ignore line: [COLLECT_GCC=/usr/bin/i686-w64-mingw32-gcc]
  ignore line: [COLLECT_LTO_WRAPPER=/usr/lib/gcc/i686-w64-mingw32/7.2.0/lto-wrapper]
  ignore line: [Target: i686-w64-mingw32]
  ignore line: [Configured with: /build/mingw-w64-gcc/src/gcc/configure --prefix=/usr --libexecdir=/usr/lib --target=i686-w64-mingw32 --enable-languages=c,lto,c++,objc,obj-c++,fortran,ada --enable-shared --enable-static --enable-threads=posix --enable-fully-dynamic-string --enable-libstdcxx-time=yes --with-system-zlib --enable-cloog-backend=isl --enable-lto --disable-dw2-exceptions --enable-libgomp --disable-multilib --enable-checking=release]
  ignore line: [Thread model: posix]
  ignore line: [gcc version 7.2.0 (GCC) ]
  ignore line: [COMPILER_PATH=/usr/lib/gcc/i686-w64-mingw32/7.2.0/:/usr/lib/gcc/i686-w64-mingw32/7.2.0/:/usr/lib/gcc/i686-w64-mingw32/:/usr/lib/gcc/i686-w64-mingw32/7.2.0/:/usr/lib/gcc/i686-w64-mingw32/:/usr/lib/gcc/i686-w64-mingw32/7.2.0/../../../../i686-w64-mingw32/bin/]
  ignore line: [LIBRARY_PATH=/usr/lib/gcc/i686-w64-mingw32/7.2.0/:/usr/lib/gcc/i686-w64-mingw32/7.2.0/../../../../i686-w64-mingw32/lib/../lib/:/usr/lib/gcc/i686-w64-mingw32/7.2.0/../../../../i686-w64-mingw32/lib/]
  ignore line: [COLLECT_GCC_OPTIONS='-v' '-o' 'cmTC_534df.exe' '-mtune=generic' '-march=pentiumpro']
  link line: [ /usr/lib/gcc/i686-w64-mingw32/7.2.0/collect2 -plugin /usr/lib/gcc/i686-w64-mingw32/7.2.0/liblto_plugin.so -plugin-opt=/usr/lib/gcc/i686-w64-mingw32/7.2.0/lto-wrapper -plugin-opt=-fresolution=/tmp/ccfsmDWy.res -plugin-opt=-pass-through=-lmingw32 -plugin-opt=-pass-through=-lgcc -plugin-opt=-pass-through=-lgcc_eh -plugin-opt=-pass-through=-lmoldname -plugin-opt=-pass-through=-lmingwex -plugin-opt=-pass-through=-lmsvcrt -plugin-opt=-pass-through=-lpthread -plugin-opt=-pass-through=-ladvapi32 -plugin-opt=-pass-through=-lshell32 -plugin-opt=-pass-through=-luser32 -plugin-opt=-pass-through=-lkernel32 -plugin-opt=-pass-through=-lmingw32 -plugin-opt=-pass-through=-lgcc -plugin-opt=-pass-through=-lgcc_eh -plugin-opt=-pass-through=-lmoldname -plugin-opt=-pass-through=-lmingwex -plugin-opt=-pass-through=-lmsvcrt -m i386pe -Bdynamic -o cmTC_534df.exe /usr/lib/gcc/i686-w64-mingw32/7.2.0/../../../../i686-w64-mingw32/lib/../lib/crt2.o /usr/lib/gcc/i686-w64-mingw32/7.2.0/crtbegin.o -L/usr/lib/gcc/i686-w64-mingw32/7.2.0 -L/usr/lib/gcc/i686-w64-mingw32/7.2.0/../../../../i686-w64-mingw32/lib/../lib -L/usr/lib/gcc/i686-w64-mingw32/7.2.0/../../../../i686-w64-mingw32/lib --whole-archive CMakeFiles/cmTC_534df.dir/objects.a --no-whole-archive --out-implib libcmTC_534df.dll.a --major-image-version 0 --minor-image-version 0 -lmingw32 -lgcc -lgcc_eh -lmoldname -lmingwex -lmsvcrt -lpthread -ladvapi32 -lshell32 -luser32 -lkernel32 -lmingw32 -lgcc -lgcc_eh -lmoldname -lmingwex -lmsvcrt /usr/lib/gcc/i686-w64-mingw32/7.2.0/crtend.o]
    arg [/usr/lib/gcc/i686-w64-mingw32/7.2.0/collect2] ==> ignore
    arg [-plugin] ==> ignore
    arg [/usr/lib/gcc/i686-w64-mingw32/7.2.0/liblto_plugin.so] ==> ignore
    arg [-plugin-opt=/usr/lib/gcc/i686-w64-mingw32/7.2.0/lto-wrapper] ==> ignore
    arg [-plugin-opt=-fresolution=/tmp/ccfsmDWy.res] ==> ignore
    arg [-plugin-opt=-pass-through=-lmingw32] ==> ignore
    arg [-plugin-opt=-pass-through=-lgcc] ==> ignore
    arg [-plugin-opt=-pass-through=-lgcc_eh] ==> ignore
    arg [-plugin-opt=-pass-through=-lmoldname] ==> ignore
    arg [-plugin-opt=-pass-through=-lmingwex] ==> ignore
    arg [-plugin-opt=-pass-through=-lmsvcrt] ==> ignore
    arg [-plugin-opt=-pass-through=-lpthread] ==> ignore
    arg [-plugin-opt=-pass-through=-ladvapi32] ==> ignore
    arg [-plugin-opt=-pass-through=-lshell32] ==> ignore
    arg [-plugin-opt=-pass-through=-luser32] ==> ignore
    arg [-plugin-opt=-pass-through=-lkernel32] ==> ignore
    arg [-plugin-opt=-pass-through=-lmingw32] ==> ignore
    arg [-plugin-opt=-pass-through=-lgcc] ==> ignore
    arg [-plugin-opt=-pass-through=-lgcc_eh] ==> ignore
    arg [-plugin-opt=-pass-through=-lmoldname] ==> ignore
    arg [-plugin-opt=-pass-through=-lmingwex] ==> ignore
    arg [-plugin-opt=-pass-through=-lmsvcrt] ==> ignore
    arg [-m] ==> ignore
    arg [i386pe] ==> ignore
    arg [-Bdynamic] ==> ignore
    arg [-o] ==> ignore
    arg [cmTC_534df.exe] ==> ignore
    arg [/usr/lib/gcc/i686-w64-mingw32/7.2.0/../../../../i686-w64-mingw32/lib/../lib/crt2.o] ==> ignore
    arg [/usr/lib/gcc/i686-w64-mingw32/7.2.0/crtbegin.o] ==> ignore
    arg [-L/usr/lib/gcc/i686-w64-mingw32/7.2.0] ==> dir [/usr/lib/gcc/i686-w64-mingw32/7.2.0]
    arg [-L/usr/lib/gcc/i686-w64-mingw32/7.2.0/../../../../i686-w64-mingw32/lib/../lib] ==> dir [/usr/lib/gcc/i686-w64-mingw32/7.2.0/../../../../i686-w64-mingw32/lib/../lib]
    arg [-L/usr/lib/gcc/i686-w64-mingw32/7.2.0/../../../../i686-w64-mingw32/lib] ==> dir [/usr/lib/gcc/i686-w64-mingw32/7.2.0/../../../../i686-w64-mingw32/lib]
    arg [--whole-archive] ==> ignore
    arg [CMakeFiles/cmTC_534df.dir/objects.a] ==> ignore
    arg [--no-whole-archive] ==> ignore
    arg [--out-implib] ==> ignore
    arg [libcmTC_534df.dll.a] ==> ignore
    arg [--major-image-version] ==> ignore
    arg [0] ==> ignore
    arg [--minor-image-version] ==> ignore
    arg [0] ==> ignore
    arg [-lmingw32] ==> lib [mingw32]
    arg [-lgcc] ==> lib [gcc]
    arg [-lgcc_eh] ==> lib [gcc_eh]
    arg [-lmoldname] ==> lib [moldname]
    arg [-lmingwex] ==> lib [mingwex]
    arg [-lmsvcrt] ==> lib [msvcrt]
    arg [-lpthread] ==> lib [pthread]
    arg [-ladvapi32] ==> lib [advapi32]
    arg [-lshell32] ==> lib [shell32]
    arg [-luser32] ==> lib [user32]
    arg [-lkernel32] ==> lib [kernel32]
    arg [-lmingw32] ==> lib [mingw32]
    arg [-lgcc] ==> lib [gcc]
    arg [-lgcc_eh] ==> lib [gcc_eh]
    arg [-lmoldname] ==> lib [moldname]
    arg [-lmingwex] ==> lib [mingwex]
    arg [-lmsvcrt] ==> lib [msvcrt]
    arg [/usr/lib/gcc/i686-w64-mingw32/7.2.0/crtend.o] ==> ignore
  remove lib [gcc_eh]
  remove lib [msvcrt]
  remove lib [gcc_eh]
  remove lib [msvcrt]
  collapse library dir [/usr/lib/gcc/i686-w64-mingw32/7.2.0] ==> [/usr/lib/gcc/i686-w64-mingw32/7.2.0]
  collapse library dir [/usr/lib/gcc/i686-w64-mingw32/7.2.0/../../../../i686-w64-mingw32/lib/../lib] ==> [/usr/i686-w64-mingw32/lib]
  collapse library dir [/usr/lib/gcc/i686-w64-mingw32/7.2.0/../../../../i686-w64-mingw32/lib] ==> [/usr/i686-w64-mingw32/lib]
  implicit libs: [mingw32;gcc;moldname;mingwex;pthread;advapi32;shell32;user32;kernel32;mingw32;gcc;moldname;mingwex]
  implicit dirs: [/usr/lib/gcc/i686-w64-mingw32/7.2.0;/usr/i686-w64-mingw32/lib]
  implicit fwks: []




Detecting C [-std=c11] compiler features compiled with the following output:
Change Dir: /home/hatf0/dev/blocklandjs/build/CMakeFiles/CMakeTmp

Run Build Command:"/usr/bin/make" "cmTC_46137/fast"
/usr/bin/make -f CMakeFiles/cmTC_46137.dir/build.make CMakeFiles/cmTC_46137.dir/build
make[1]: Entering directory '/home/hatf0/dev/blocklandjs/build/CMakeFiles/CMakeTmp'
Building C object CMakeFiles/cmTC_46137.dir/feature_tests.c.obj
/usr/bin/i686-w64-mingw32-gcc   -std=c11 -o CMakeFiles/cmTC_46137.dir/feature_tests.c.obj   -c /home/hatf0/dev/blocklandjs/build/CMakeFiles/feature_tests.c
Linking C executable cmTC_46137.exe
/usr/bin/cmake -E cmake_link_script CMakeFiles/cmTC_46137.dir/link.txt --verbose=1
/usr/bin/cmake -E remove -f CMakeFiles/cmTC_46137.dir/objects.a
/usr/bin/i686-w64-mingw32-ar cr CMakeFiles/cmTC_46137.dir/objects.a @CMakeFiles/cmTC_46137.dir/objects1.rsp
/usr/bin/i686-w64-mingw32-gcc      -Wl,--whole-archive CMakeFiles/cmTC_46137.dir/objects.a -Wl,--no-whole-archive  -o cmTC_46137.exe -Wl,--out-implib,libcmTC_46137.dll.a -Wl,--major-image-version,0,--minor-image-version,0 @CMakeFiles/cmTC_46137.dir/linklibs.rsp
make[1]: Leaving directory '/home/hatf0/dev/blocklandjs/build/CMakeFiles/CMakeTmp'


    Feature record: C_FEATURE:1c_function_prototypes
    Feature record: C_FEATURE:1c_restrict
    Feature record: C_FEATURE:1c_static_assert
    Feature record: C_FEATURE:1c_variadic_macros


Detecting C [-std=c99] compiler features compiled with the following output:
Change Dir: /home/hatf0/dev/blocklandjs/build/CMakeFiles/CMakeTmp

Run Build Command:"/usr/bin/make" "cmTC_1f98e/fast"
/usr/bin/make -f CMakeFiles/cmTC_1f98e.dir/build.make CMakeFiles/cmTC_1f98e.dir/build
make[1]: Entering directory '/home/hatf0/dev/blocklandjs/build/CMakeFiles/CMakeTmp'
Building C object CMakeFiles/cmTC_1f98e.dir/feature_tests.c.obj
/usr/bin/i686-w64-mingw32-gcc   -std=c99 -o CMakeFiles/cmTC_1f98e.dir/feature_tests.c.obj   -c /home/hatf0/dev/blocklandjs/build/CMakeFiles/feature_tests.c
Linking C executable cmTC_1f98e.exe
/usr/bin/cmake -E cmake_link_script CMakeFiles/cmTC_1f98e.dir/link.txt --verbose=1
/usr/bin/cmake -E remove -f CMakeFiles/cmTC_1f98e.dir/objects.a
/usr/bin/i686-w64-mingw32-ar cr CMakeFiles/cmTC_1f98e.dir/objects.a @CMakeFiles/cmTC_1f98e.dir/objects1.rsp
/usr/bin/i686-w64-mingw32-gcc      -Wl,--whole-archive CMakeFiles/cmTC_1f98e.dir/objects.a -Wl,--no-whole-archive  -o cmTC_1f98e.exe -Wl,--out-implib,libcmTC_1f98e.dll.a -Wl,--major-image-version,0,--minor-image-version,0 @CMakeFiles/cmTC_1f98e.dir/linklibs.rsp
make[1]: Leaving directory '/home/hatf0/dev/blocklandjs/build/CMakeFiles/CMakeTmp'


    Feature record: C_FEATURE:1c_function_prototypes
    Feature record: C_FEATURE:1c_restrict
    Feature record: C_FEATURE:0c_static_assert
    Feature record: C_FEATURE:1c_variadic_macros


Detecting C [-std=c90] compiler features compiled with the following output:
Change Dir: /home/hatf0/dev/blocklandjs/build/CMakeFiles/CMakeTmp

Run Build Command:"/usr/bin/make" "cmTC_0b9eb/fast"
/usr/bin/make -f CMakeFiles/cmTC_0b9eb.dir/build.make CMakeFiles/cmTC_0b9eb.dir/build
make[1]: Entering directory '/home/hatf0/dev/blocklandjs/build/CMakeFiles/CMakeTmp'
Building C object CMakeFiles/cmTC_0b9eb.dir/feature_tests.c.obj
/usr/bin/i686-w64-mingw32-gcc   -std=c90 -o CMakeFiles/cmTC_0b9eb.dir/feature_tests.c.obj   -c /home/hatf0/dev/blocklandjs/build/CMakeFiles/feature_tests.c
Linking C executable cmTC_0b9eb.exe
/usr/bin/cmake -E cmake_link_script CMakeFiles/cmTC_0b9eb.dir/link.txt --verbose=1
/usr/bin/cmake -E remove -f CMakeFiles/cmTC_0b9eb.dir/objects.a
/usr/bin/i686-w64-mingw32-ar cr CMakeFiles/cmTC_0b9eb.dir/objects.a @CMakeFiles/cmTC_0b9eb.dir/objects1.rsp
/usr/bin/i686-w64-mingw32-gcc      -Wl,--whole-archive CMakeFiles/cmTC_0b9eb.dir/objects.a -Wl,--no-whole-archive  -o cmTC_0b9eb.exe -Wl,--out-implib,libcmTC_0b9eb.dll.a -Wl,--major-image-version,0,--minor-image-version,0 @CMakeFiles/cmTC_0b9eb.dir/linklibs.rsp
make[1]: Leaving directory '/home/hatf0/dev/blocklandjs/build/CMakeFiles/CMakeTmp'


    Feature record: C_FEATURE:1c_function_prototypes
    Feature record: C_FEATURE:0c_restrict
    Feature record: C_FEATURE:0c_static_assert
    Feature record: C_FEATURE:0c_variadic_macros
Determining if the CXX compiler works passed with the following output:
Change Dir: /home/hatf0/dev/blocklandjs/build/CMakeFiles/CMakeTmp

Run Build Command:"/usr/bin/make" "cmTC_d461b/fast"
/usr/bin/make -f CMakeFiles/cmTC_d461b.dir/build.make CMakeFiles/cmTC_d461b.dir/build
make[1]: Entering directory '/home/hatf0/dev/blocklandjs/build/CMakeFiles/CMakeTmp'
Building CXX object CMakeFiles/cmTC_d461b.dir/testCXXCompiler.cxx.obj
/usr/bin/i686-w64-mingw32-g++     -o CMakeFiles/cmTC_d461b.dir/testCXXCompiler.cxx.obj -c /home/hatf0/dev/blocklandjs/build/CMakeFiles/CMakeTmp/testCXXCompiler.cxx
Linking CXX executable cmTC_d461b.exe
/usr/bin/cmake -E cmake_link_script CMakeFiles/cmTC_d461b.dir/link.txt --verbose=1
/usr/bin/cmake -E remove -f CMakeFiles/cmTC_d461b.dir/objects.a
/usr/bin/i686-w64-mingw32-ar cr CMakeFiles/cmTC_d461b.dir/objects.a @CMakeFiles/cmTC_d461b.dir/objects1.rsp
/usr/bin/i686-w64-mingw32-g++      -Wl,--whole-archive CMakeFiles/cmTC_d461b.dir/objects.a -Wl,--no-whole-archive  -o cmTC_d461b.exe -Wl,--out-implib,libcmTC_d461b.dll.a -Wl,--major-image-version,0,--minor-image-version,0 @CMakeFiles/cmTC_d461b.dir/linklibs.rsp
make[1]: Leaving directory '/home/hatf0/dev/blocklandjs/build/CMakeFiles/CMakeTmp'


Detecting CXX compiler ABI info compiled with the following output:
Change Dir: /home/hatf0/dev/blocklandjs/build/CMakeFiles/CMakeTmp

Run Build Command:"/usr/bin/make" "cmTC_8cb04/fast"
/usr/bin/make -f CMakeFiles/cmTC_8cb04.dir/build.make CMakeFiles/cmTC_8cb04.dir/build
make[1]: Entering directory '/home/hatf0/dev/blocklandjs/build/CMakeFiles/CMakeTmp'
Building CXX object CMakeFiles/cmTC_8cb04.dir/CMakeCXXCompilerABI.cpp.obj
/usr/bin/i686-w64-mingw32-g++     -o CMakeFiles/cmTC_8cb04.dir/CMakeCXXCompilerABI.cpp.obj -c /usr/share/cmake-3.10/Modules/CMakeCXXCompilerABI.cpp
Linking CXX executable cmTC_8cb04.exe
/usr/bin/cmake -E cmake_link_script CMakeFiles/cmTC_8cb04.dir/link.txt --verbose=1
/usr/bin/cmake -E remove -f CMakeFiles/cmTC_8cb04.dir/objects.a
/usr/bin/i686-w64-mingw32-ar cr CMakeFiles/cmTC_8cb04.dir/objects.a @CMakeFiles/cmTC_8cb04.dir/objects1.rsp
/usr/bin/i686-w64-mingw32-g++     -v -Wl,--whole-archive CMakeFiles/cmTC_8cb04.dir/objects.a -Wl,--no-whole-archive  -o cmTC_8cb04.exe -Wl,--out-implib,libcmTC_8cb04.dll.a -Wl,--major-image-version,0,--minor-image-version,0 
Using built-in specs.
COLLECT_GCC=/usr/bin/i686-w64-mingw32-g++
COLLECT_LTO_WRAPPER=/usr/lib/gcc/i686-w64-mingw32/7.2.0/lto-wrapper
Target: i686-w64-mingw32
Configured with: /build/mingw-w64-gcc/src/gcc/configure --prefix=/usr --libexecdir=/usr/lib --target=i686-w64-mingw32 --enable-languages=c,lto,c++,objc,obj-c++,fortran,ada --enable-shared --enable-static --enable-threads=posix --enable-fully-dynamic-string --enable-libstdcxx-time=yes --with-system-zlib --enable-cloog-backend=isl --enable-lto --disable-dw2-exceptions --enable-libgomp --disable-multilib --enable-checking=release
Thread model: posix
gcc version 7.2.0 (GCC) 
COMPILER_PATH=/usr/lib/gcc/i686-w64-mingw32/7.2.0/:/usr/lib/gcc/i686-w64-mingw32/7.2.0/:/usr/lib/gcc/i686-w64-mingw32/:/usr/lib/gcc/i686-w64-mingw32/7.2.0/:/usr/lib/gcc/i686-w64-mingw32/:/usr/lib/gcc/i686-w64-mingw32/7.2.0/../../../../i686-w64-mingw32/bin/
LIBRARY_PATH=/usr/lib/gcc/i686-w64-mingw32/7.2.0/:/usr/lib/gcc/i686-w64-mingw32/7.2.0/../../../../i686-w64-mingw32/lib/../lib/:/usr/lib/gcc/i686-w64-mingw32/7.2.0/../../../../i686-w64-mingw32/lib/
COLLECT_GCC_OPTIONS='-v' '-o' 'cmTC_8cb04.exe' '-shared-libgcc' '-mtune=generic' '-march=pentiumpro'
 /usr/lib/gcc/i686-w64-mingw32/7.2.0/collect2 -plugin /usr/lib/gcc/i686-w64-mingw32/7.2.0/liblto_plugin.so -plugin-opt=/usr/lib/gcc/i686-w64-mingw32/7.2.0/lto-wrapper -plugin-opt=-fresolution=/tmp/ccNDPhcw.res -plugin-opt=-pass-through=-lmingw32 -plugin-opt=-pass-through=-lgcc_s -plugin-opt=-pass-through=-lgcc -plugin-opt=-pass-through=-lmoldname -plugin-opt=-pass-through=-lmingwex -plugin-opt=-pass-through=-lmsvcrt -plugin-opt=-pass-through=-lpthread -plugin-opt=-pass-through=-ladvapi32 -plugin-opt=-pass-through=-lshell32 -plugin-opt=-pass-through=-luser32 -plugin-opt=-pass-through=-lkernel32 -plugin-opt=-pass-through=-lmingw32 -plugin-opt=-pass-through=-lgcc_s -plugin-opt=-pass-through=-lgcc -plugin-opt=-pass-through=-lmoldname -plugin-opt=-pass-through=-lmingwex -plugin-opt=-pass-through=-lmsvcrt -m i386pe -Bdynamic -o cmTC_8cb04.exe /usr/lib/gcc/i686-w64-mingw32/7.2.0/../../../../i686-w64-mingw32/lib/../lib/crt2.o /usr/lib/gcc/i686-w64-mingw32/7.2.0/crtbegin.o -L/usr/lib/gcc/i686-w64-mingw32/7.2.0 -L/usr/lib/gcc/i686-w64-mingw32/7.2.0/../../../../i686-w64-mingw32/lib/../lib -L/usr/lib/gcc/i686-w64-mingw32/7.2.0/../../../../i686-w64-mingw32/lib --whole-archive CMakeFiles/cmTC_8cb04.dir/objects.a --no-whole-archive --out-implib libcmTC_8cb04.dll.a --major-image-version 0 --minor-image-version 0 -lstdc++ -lmingw32 -lgcc_s -lgcc -lmoldname -lmingwex -lmsvcrt -lpthread -ladvapi32 -lshell32 -luser32 -lkernel32 -lmingw32 -lgcc_s -lgcc -lmoldname -lmingwex -lmsvcrt /usr/lib/gcc/i686-w64-mingw32/7.2.0/crtend.o
COLLECT_GCC_OPTIONS='-v' '-o' 'cmTC_8cb04.exe' '-shared-libgcc' '-mtune=generic' '-march=pentiumpro'
make[1]: Leaving directory '/home/hatf0/dev/blocklandjs/build/CMakeFiles/CMakeTmp'


Parsed CXX implicit link information from above output:
  link line regex: [^( *|.*[/\])(i686-w64-mingw32-ld|CMAKE_LINK_STARTFILE-NOTFOUND|([^/\]+-)?ld|collect2)[^/\]*( |$)]
  ignore line: [Change Dir: /home/hatf0/dev/blocklandjs/build/CMakeFiles/CMakeTmp]
  ignore line: []
  ignore line: [Run Build Command:"/usr/bin/make" "cmTC_8cb04/fast"]
  ignore line: [/usr/bin/make -f CMakeFiles/cmTC_8cb04.dir/build.make CMakeFiles/cmTC_8cb04.dir/build]
  ignore line: [make[1]: Entering directory '/home/hatf0/dev/blocklandjs/build/CMakeFiles/CMakeTmp']
  ignore line: [Building CXX object CMakeFiles/cmTC_8cb04.dir/CMakeCXXCompilerABI.cpp.obj]
  ignore line: [/usr/bin/i686-w64-mingw32-g++     -o CMakeFiles/cmTC_8cb04.dir/CMakeCXXCompilerABI.cpp.obj -c /usr/share/cmake-3.10/Modules/CMakeCXXCompilerABI.cpp]
  ignore line: [Linking CXX executable cmTC_8cb04.exe]
  ignore line: [/usr/bin/cmake -E cmake_link_script CMakeFiles/cmTC_8cb04.dir/link.txt --verbose=1]
  ignore line: [/usr/bin/cmake -E remove -f CMakeFiles/cmTC_8cb04.dir/objects.a]
  ignore line: [/usr/bin/i686-w64-mingw32-ar cr CMakeFiles/cmTC_8cb04.dir/objects.a @CMakeFiles/cmTC_8cb04.dir/objects1.rsp]
  ignore line: [/usr/bin/i686-w64-mingw32-g++     -v -Wl,--whole-archive CMakeFiles/cmTC_8cb04.dir/objects.a -Wl,--no-whole-archive  -o cmTC_8cb04.exe -Wl,--out-implib,libcmTC_8cb04.dll.a -Wl,--major-image-version,0,--minor-image-version,0 ]
  ignore line: [Using built-in specs.]
  ignore line: [COLLECT_GCC=/usr/bin/i686-w64-mingw32-g++]
  ignore line: [COLLECT_LTO_WRAPPER=/usr/lib/gcc/i686-w64-mingw32/7.2.0/lto-wrapper]
  ignore line: [Target: i686-w64-mingw32]
  ignore line: [Configured with: /build/mingw-w64-gcc/src/gcc/configure --prefix=/usr --libexecdir=/usr/lib --target=i686-w64-mingw32 --enable-languages=c,lto,c++,objc,obj-c++,fortran,ada --enable-shared --enable-static --enable-threads=posix --enable-fully-dynamic-string --enable-libstdcxx-time=yes --with-system-zlib --enable-cloog-backend=isl --enable-lto --disable-dw2-exceptions --enable-libgomp --disable-multilib --enable-checking=release]
  ignore line: [Thread model: posix]
  ignore line: [gcc version 7.2.0 (GCC) ]
  ignore line: [COMPILER_PATH=/usr/lib/gcc/i686-w64-mingw32/7.2.0/:/usr/lib/gcc/i686-w64-mingw32/7.2.0/:/usr/lib/gcc/i686-w64-mingw32/:/usr/lib/gcc/i686-w64-mingw32/7.2.0/:/usr/lib/gcc/i686-w64-mingw32/:/usr/lib/gcc/i686-w64-mingw32/7.2.0/../../../../i686-w64-mingw32/bin/]
  ignore line: [LIBRARY_PATH=/usr/lib/gcc/i686-w64-mingw32/7.2.0/:/usr/lib/gcc/i686-w64-mingw32/7.2.0/../../../../i686-w64-mingw32/lib/../lib/:/usr/lib/gcc/i686-w64-mingw32/7.2.0/../../../../i686-w64-mingw32/lib/]
  ignore line: [COLLECT_GCC_OPTIONS='-v' '-o' 'cmTC_8cb04.exe' '-shared-libgcc' '-mtune=generic' '-march=pentiumpro']
  link line: [ /usr/lib/gcc/i686-w64-mingw32/7.2.0/collect2 -plugin /usr/lib/gcc/i686-w64-mingw32/7.2.0/liblto_plugin.so -plugin-opt=/usr/lib/gcc/i686-w64-mingw32/7.2.0/lto-wrapper -plugin-opt=-fresolution=/tmp/ccNDPhcw.res -plugin-opt=-pass-through=-lmingw32 -plugin-opt=-pass-through=-lgcc_s -plugin-opt=-pass-through=-lgcc -plugin-opt=-pass-through=-lmoldname -plugin-opt=-pass-through=-lmingwex -plugin-opt=-pass-through=-lmsvcrt -plugin-opt=-pass-through=-lpthread -plugin-opt=-pass-through=-ladvapi32 -plugin-opt=-pass-through=-lshell32 -plugin-opt=-pass-through=-luser32 -plugin-opt=-pass-through=-lkernel32 -plugin-opt=-pass-through=-lmingw32 -plugin-opt=-pass-through=-lgcc_s -plugin-opt=-pass-through=-lgcc -plugin-opt=-pass-through=-lmoldname -plugin-opt=-pass-through=-lmingwex -plugin-opt=-pass-through=-lmsvcrt -m i386pe -Bdynamic -o cmTC_8cb04.exe /usr/lib/gcc/i686-w64-mingw32/7.2.0/../../../../i686-w64-mingw32/lib/../lib/crt2.o /usr/lib/gcc/i686-w64-mingw32/7.2.0/crtbegin.o -L/usr/lib/gcc/i686-w64-mingw32/7.2.0 -L/usr/lib/gcc/i686-w64-mingw32/7.2.0/../../../../i686-w64-mingw32/lib/../lib -L/usr/lib/gcc/i686-w64-mingw32/7.2.0/../../../../i686-w64-mingw32/lib --whole-archive CMakeFiles/cmTC_8cb04.dir/objects.a --no-whole-archive --out-implib libcmTC_8cb04.dll.a --major-image-version 0 --minor-image-version 0 -lstdc++ -lmingw32 -lgcc_s -lgcc -lmoldname -lmingwex -lmsvcrt -lpthread -ladvapi32 -lshell32 -luser32 -lkernel32 -lmingw32 -lgcc_s -lgcc -lmoldname -lmingwex -lmsvcrt /usr/lib/gcc/i686-w64-mingw32/7.2.0/crtend.o]
    arg [/usr/lib/gcc/i686-w64-mingw32/7.2.0/collect2] ==> ignore
    arg [-plugin] ==> ignore
    arg [/usr/lib/gcc/i686-w64-mingw32/7.2.0/liblto_plugin.so] ==> ignore
    arg [-plugin-opt=/usr/lib/gcc/i686-w64-mingw32/7.2.0/lto-wrapper] ==> ignore
    arg [-plugin-opt=-fresolution=/tmp/ccNDPhcw.res] ==> ignore
    arg [-plugin-opt=-pass-through=-lmingw32] ==> ignore
    arg [-plugin-opt=-pass-through=-lgcc_s] ==> ignore
    arg [-plugin-opt=-pass-through=-lgcc] ==> ignore
    arg [-plugin-opt=-pass-through=-lmoldname] ==> ignore
    arg [-plugin-opt=-pass-through=-lmingwex] ==> ignore
    arg [-plugin-opt=-pass-through=-lmsvcrt] ==> ignore
    arg [-plugin-opt=-pass-through=-lpthread] ==> ignore
    arg [-plugin-opt=-pass-through=-ladvapi32] ==> ignore
    arg [-plugin-opt=-pass-through=-lshell32] ==> ignore
    arg [-plugin-opt=-pass-through=-luser32] ==> ignore
    arg [-plugin-opt=-pass-through=-lkernel32] ==> ignore
    arg [-plugin-opt=-pass-through=-lmingw32] ==> ignore
    arg [-plugin-opt=-pass-through=-lgcc_s] ==> ignore
    arg [-plugin-opt=-pass-through=-lgcc] ==> ignore
    arg [-plugin-opt=-pass-through=-lmoldname] ==> ignore
    arg [-plugin-opt=-pass-through=-lmingwex] ==> ignore
    arg [-plugin-opt=-pass-through=-lmsvcrt] ==> ignore
    arg [-m] ==> ignore
    arg [i386pe] ==> ignore
    arg [-Bdynamic] ==> ignore
    arg [-o] ==> ignore
    arg [cmTC_8cb04.exe] ==> ignore
    arg [/usr/lib/gcc/i686-w64-mingw32/7.2.0/../../../../i686-w64-mingw32/lib/../lib/crt2.o] ==> ignore
    arg [/usr/lib/gcc/i686-w64-mingw32/7.2.0/crtbegin.o] ==> ignore
    arg [-L/usr/lib/gcc/i686-w64-mingw32/7.2.0] ==> dir [/usr/lib/gcc/i686-w64-mingw32/7.2.0]
    arg [-L/usr/lib/gcc/i686-w64-mingw32/7.2.0/../../../../i686-w64-mingw32/lib/../lib] ==> dir [/usr/lib/gcc/i686-w64-mingw32/7.2.0/../../../../i686-w64-mingw32/lib/../lib]
    arg [-L/usr/lib/gcc/i686-w64-mingw32/7.2.0/../../../../i686-w64-mingw32/lib] ==> dir [/usr/lib/gcc/i686-w64-mingw32/7.2.0/../../../../i686-w64-mingw32/lib]
    arg [--whole-archive] ==> ignore
    arg [CMakeFiles/cmTC_8cb04.dir/objects.a] ==> ignore
    arg [--no-whole-archive] ==> ignore
    arg [--out-implib] ==> ignore
    arg [libcmTC_8cb04.dll.a] ==> ignore
    arg [--major-image-version] ==> ignore
    arg [0] ==> ignore
    arg [--minor-image-version] ==> ignore
    arg [0] ==> ignore
    arg [-lstdc++] ==> lib [stdc++]
    arg [-lmingw32] ==> lib [mingw32]
    arg [-lgcc_s] ==> lib [gcc_s]
    arg [-lgcc] ==> lib [gcc]
    arg [-lmoldname] ==> lib [moldname]
    arg [-lmingwex] ==> lib [mingwex]
    arg [-lmsvcrt] ==> lib [msvcrt]
    arg [-lpthread] ==> lib [pthread]
    arg [-ladvapi32] ==> lib [advapi32]
    arg [-lshell32] ==> lib [shell32]
    arg [-luser32] ==> lib [user32]
    arg [-lkernel32] ==> lib [kernel32]
    arg [-lmingw32] ==> lib [mingw32]
    arg [-lgcc_s] ==> lib [gcc_s]
    arg [-lgcc] ==> lib [gcc]
    arg [-lmoldname] ==> lib [moldname]
    arg [-lmingwex] ==> lib [mingwex]
    arg [-lmsvcrt] ==> lib [msvcrt]
    arg [/usr/lib/gcc/i686-w64-mingw32/7.2.0/crtend.o] ==> ignore
  remove lib [msvcrt]
  remove lib [msvcrt]
  collapse library dir [/usr/lib/gcc/i686-w64-mingw32/7.2.0] ==> [/usr/lib/gcc/i686-w64-mingw32/7.2.0]
  collapse library dir [/usr/lib/gcc/i686-w64-mingw32/7.2.0/../../../../i686-w64-mingw32/lib/../lib] ==> [/usr/i686-w64-mingw32/lib]
  collapse library dir [/usr/lib/gcc/i686-w64-mingw32/7.2.0/../../../../i686-w64-mingw32/lib] ==> [/usr/i686-w64-mingw32/lib]
  implicit libs: [stdc++;mingw32;gcc_s;gcc;moldname;mingwex;pthread;advapi32;shell32;user32;kernel32;mingw32;gcc_s;gcc;moldname;mingwex]
  implicit dirs: [/usr/lib/gcc/i686-w64-mingw32/7.2.0;/usr/i686-w64-mingw32/lib]
  implicit fwks: []




Detecting CXX [-std=c++1z] compiler features compiled with the following output:
Change Dir: /home/hatf0/dev/blocklandjs/build/CMakeFiles/CMakeTmp

Run Build Command:"/usr/bin/make" "cmTC_e0c88/fast"
/usr/bin/make -f CMakeFiles/cmTC_e0c88.dir/build.make CMakeFiles/cmTC_e0c88.dir/build
make[1]: Entering directory '/home/hatf0/dev/blocklandjs/build/CMakeFiles/CMakeTmp'
Building CXX object CMakeFiles/cmTC_e0c88.dir/feature_tests.cxx.obj
/usr/bin/i686-w64-mingw32-g++    -std=c++1z -o CMakeFiles/cmTC_e0c88.dir/feature_tests.cxx.obj -c /home/hatf0/dev/blocklandjs/build/CMakeFiles/feature_tests.cxx
Linking CXX executable cmTC_e0c88.exe
/usr/bin/cmake -E cmake_link_script CMakeFiles/cmTC_e0c88.dir/link.txt --verbose=1
/usr/bin/cmake -E remove -f CMakeFiles/cmTC_e0c88.dir/objects.a
/usr/bin/i686-w64-mingw32-ar cr CMakeFiles/cmTC_e0c88.dir/objects.a @CMakeFiles/cmTC_e0c88.dir/objects1.rsp
/usr/bin/i686-w64-mingw32-g++      -Wl,--whole-archive CMakeFiles/cmTC_e0c88.dir/objects.a -Wl,--no-whole-archive  -o cmTC_e0c88.exe -Wl,--out-implib,libcmTC_e0c88.dll.a -Wl,--major-image-version,0,--minor-image-version,0 @CMakeFiles/cmTC_e0c88.dir/linklibs.rsp
make[1]: Leaving directory '/home/hatf0/dev/blocklandjs/build/CMakeFiles/CMakeTmp'


    Feature record: CXX_FEATURE:1cxx_aggregate_default_initializers
    Feature record: CXX_FEATURE:1cxx_alias_templates
    Feature record: CXX_FEATURE:1cxx_alignas
    Feature record: CXX_FEATURE:1cxx_alignof
    Feature record: CXX_FEATURE:1cxx_attributes
    Feature record: CXX_FEATURE:1cxx_attribute_deprecated
    Feature record: CXX_FEATURE:1cxx_auto_type
    Feature record: CXX_FEATURE:1cxx_binary_literals
    Feature record: CXX_FEATURE:1cxx_constexpr
    Feature record: CXX_FEATURE:1cxx_contextual_conversions
    Feature record: CXX_FEATURE:1cxx_decltype
    Feature record: CXX_FEATURE:1cxx_decltype_auto
    Feature record: CXX_FEATURE:1cxx_decltype_incomplete_return_types
    Feature record: CXX_FEATURE:1cxx_default_function_template_args
    Feature record: CXX_FEATURE:1cxx_defaulted_functions
    Feature record: CXX_FEATURE:1cxx_defaulted_move_initializers
    Feature record: CXX_FEATURE:1cxx_delegating_constructors
    Feature record: CXX_FEATURE:1cxx_deleted_functions
    Feature record: CXX_FEATURE:1cxx_digit_separators
    Feature record: CXX_FEATURE:1cxx_enum_forward_declarations
    Feature record: CXX_FEATURE:1cxx_explicit_conversions
    Feature record: CXX_FEATURE:1cxx_extended_friend_declarations
    Feature record: CXX_FEATURE:1cxx_extern_templates
    Feature record: CXX_FEATURE:1cxx_final
    Feature record: CXX_FEATURE:1cxx_func_identifier
    Feature record: CXX_FEATURE:1cxx_generalized_initializers
    Feature record: CXX_FEATURE:1cxx_generic_lambdas
    Feature record: CXX_FEATURE:1cxx_inheriting_constructors
    Feature record: CXX_FEATURE:1cxx_inline_namespaces
    Feature record: CXX_FEATURE:1cxx_lambdas
    Feature record: CXX_FEATURE:1cxx_lambda_init_captures
    Feature record: CXX_FEATURE:1cxx_local_type_template_args
    Feature record: CXX_FEATURE:1cxx_long_long_type
    Feature record: CXX_FEATURE:1cxx_noexcept
    Feature record: CXX_FEATURE:1cxx_nonstatic_member_init
    Feature record: CXX_FEATURE:1cxx_nullptr
    Feature record: CXX_FEATURE:1cxx_override
    Feature record: CXX_FEATURE:1cxx_range_for
    Feature record: CXX_FEATURE:1cxx_raw_string_literals
    Feature record: CXX_FEATURE:1cxx_reference_qualified_functions
    Feature record: CXX_FEATURE:1cxx_relaxed_constexpr
    Feature record: CXX_FEATURE:1cxx_return_type_deduction
    Feature record: CXX_FEATURE:1cxx_right_angle_brackets
    Feature record: CXX_FEATURE:1cxx_rvalue_references
    Feature record: CXX_FEATURE:1cxx_sizeof_member
    Feature record: CXX_FEATURE:1cxx_static_assert
    Feature record: CXX_FEATURE:1cxx_strong_enums
    Feature record: CXX_FEATURE:1cxx_template_template_parameters
    Feature record: CXX_FEATURE:1cxx_thread_local
    Feature record: CXX_FEATURE:1cxx_trailing_return_types
    Feature record: CXX_FEATURE:1cxx_unicode_literals
    Feature record: CXX_FEATURE:1cxx_uniform_initialization
    Feature record: CXX_FEATURE:1cxx_unrestricted_unions
    Feature record: CXX_FEATURE:1cxx_user_literals
    Feature record: CXX_FEATURE:1cxx_variable_templates
    Feature record: CXX_FEATURE:1cxx_variadic_macros
    Feature record: CXX_FEATURE:1cxx_variadic_templates


Detecting CXX [-std=c++14] compiler features compiled with the following output:
Change Dir: /home/hatf0/dev/blocklandjs/build/CMakeFiles/CMakeTmp

Run Build Command:"/usr/bin/make" "cmTC_ea2a4/fast"
/usr/bin/make -f CMakeFiles/cmTC_ea2a4.dir/build.make CMakeFiles/cmTC_ea2a4.dir/build
make[1]: Entering directory '/home/hatf0/dev/blocklandjs/build/CMakeFiles/CMakeTmp'
Building CXX object CMakeFiles/cmTC_ea2a4.dir/feature_tests.cxx.obj
/usr/bin/i686-w64-mingw32-g++    -std=c++14 -o CMakeFiles/cmTC_ea2a4.dir/feature_tests.cxx.obj -c /home/hatf0/dev/blocklandjs/build/CMakeFiles/feature_tests.cxx
Linking CXX executable cmTC_ea2a4.exe
/usr/bin/cmake -E cmake_link_script CMakeFiles/cmTC_ea2a4.dir/link.txt --verbose=1
/usr/bin/cmake -E remove -f CMakeFiles/cmTC_ea2a4.dir/objects.a
/usr/bin/i686-w64-mingw32-ar cr CMakeFiles/cmTC_ea2a4.dir/objects.a @CMakeFiles/cmTC_ea2a4.dir/objects1.rsp
/usr/bin/i686-w64-mingw32-g++      -Wl,--whole-archive CMakeFiles/cmTC_ea2a4.dir/objects.a -Wl,--no-whole-archive  -o cmTC_ea2a4.exe -Wl,--out-implib,libcmTC_ea2a4.dll.a -Wl,--major-image-version,0,--minor-image-version,0 @CMakeFiles/cmTC_ea2a4.dir/linklibs.rsp
make[1]: Leaving directory '/home/hatf0/dev/blocklandjs/build/CMakeFiles/CMakeTmp'


    Feature record: CXX_FEATURE:1cxx_aggregate_default_initializers
    Feature record: CXX_FEATURE:1cxx_alias_templates
    Feature record: CXX_FEATURE:1cxx_alignas
    Feature record: CXX_FEATURE:1cxx_alignof
    Feature record: CXX_FEATURE:1cxx_attributes
    Feature record: CXX_FEATURE:1cxx_attribute_deprecated
    Feature record: CXX_FEATURE:1cxx_auto_type
    Feature record: CXX_FEATURE:1cxx_binary_literals
    Feature record: CXX_FEATURE:1cxx_constexpr
    Feature record: CXX_FEATURE:1cxx_contextual_conversions
    Feature record: CXX_FEATURE:1cxx_decltype
    Feature record: CXX_FEATURE:1cxx_decltype_auto
    Feature record: CXX_FEATURE:1cxx_decltype_incomplete_return_types
    Feature record: CXX_FEATURE:1cxx_default_function_template_args
    Feature record: CXX_FEATURE:1cxx_defaulted_functions
    Feature record: CXX_FEATURE:1cxx_defaulted_move_initializers
    Feature record: CXX_FEATURE:1cxx_delegating_constructors
    Feature record: CXX_FEATURE:1cxx_deleted_functions
    Feature record: CXX_FEATURE:1cxx_digit_separators
    Feature record: CXX_FEATURE:1cxx_enum_forward_declarations
    Feature record: CXX_FEATURE:1cxx_explicit_conversions
    Feature record: CXX_FEATURE:1cxx_extended_friend_declarations
    Feature record: CXX_FEATURE:1cxx_extern_templates
    Feature record: CXX_FEATURE:1cxx_final
    Feature record: CXX_FEATURE:1cxx_func_identifier
    Feature record: CXX_FEATURE:1cxx_generalized_initializers
    Feature record: CXX_FEATURE:1cxx_generic_lambdas
    Feature record: CXX_FEATURE:1cxx_inheriting_constructors
    Feature record: CXX_FEATURE:1cxx_inline_namespaces
    Feature record: CXX_FEATURE:1cxx_lambdas
    Feature record: CXX_FEATURE:1cxx_lambda_init_captures
    Feature record: CXX_FEATURE:1cxx_local_type_template_args
    Feature record: CXX_FEATURE:1cxx_long_long_type
    Feature record: CXX_FEATURE:1cxx_noexcept
    Feature record: CXX_FEATURE:1cxx_nonstatic_member_init
    Feature record: CXX_FEATURE:1cxx_nullptr
    Feature record: CXX_FEATURE:1cxx_override
    Feature record: CXX_FEATURE:1cxx_range_for
    Feature record: CXX_FEATURE:1cxx_raw_string_literals
    Feature record: CXX_FEATURE:1cxx_reference_qualified_functions
    Feature record: CXX_FEATURE:1cxx_relaxed_constexpr
    Feature record: CXX_FEATURE:1cxx_return_type_deduction
    Feature record: CXX_FEATURE:1cxx_right_angle_brackets
    Feature record: CXX_FEATURE:1cxx_rvalue_references
    Feature record: CXX_FEATURE:1cxx_sizeof_member
    Feature record: CXX_FEATURE:1cxx_static_assert
    Feature record: CXX_FEATURE:1cxx_strong_enums
    Feature record: CXX_FEATURE:1cxx_template_template_parameters
    Feature record: CXX_FEATURE:1cxx_thread_local
    Feature record: CXX_FEATURE:1cxx_trailing_return_types
    Feature record: CXX_FEATURE:1cxx_unicode_literals
    Feature record: CXX_FEATURE:1cxx_uniform_initialization
    Feature record: CXX_FEATURE:1cxx_unrestricted_unions
    Feature record: CXX_FEATURE:1cxx_user_literals
    Feature record: CXX_FEATURE:1cxx_variable_templates
    Feature record: CXX_FEATURE:1cxx_variadic_macros
    Feature record: CXX_FEATURE:1cxx_variadic_templates


Detecting CXX [-std=c++11] compiler features compiled with the following output:
Change Dir: /home/hatf0/dev/blocklandjs/build/CMakeFiles/CMakeTmp

Run Build Command:"/usr/bin/make" "cmTC_fec0d/fast"
/usr/bin/make -f CMakeFiles/cmTC_fec0d.dir/build.make CMakeFiles/cmTC_fec0d.dir/build
make[1]: Entering directory '/home/hatf0/dev/blocklandjs/build/CMakeFiles/CMakeTmp'
Building CXX object CMakeFiles/cmTC_fec0d.dir/feature_tests.cxx.obj
/usr/bin/i686-w64-mingw32-g++    -std=c++11 -o CMakeFiles/cmTC_fec0d.dir/feature_tests.cxx.obj -c /home/hatf0/dev/blocklandjs/build/CMakeFiles/feature_tests.cxx
Linking CXX executable cmTC_fec0d.exe
/usr/bin/cmake -E cmake_link_script CMakeFiles/cmTC_fec0d.dir/link.txt --verbose=1
/usr/bin/cmake -E remove -f CMakeFiles/cmTC_fec0d.dir/objects.a
/usr/bin/i686-w64-mingw32-ar cr CMakeFiles/cmTC_fec0d.dir/objects.a @CMakeFiles/cmTC_fec0d.dir/objects1.rsp
/usr/bin/i686-w64-mingw32-g++      -Wl,--whole-archive CMakeFiles/cmTC_fec0d.dir/objects.a -Wl,--no-whole-archive  -o cmTC_fec0d.exe -Wl,--out-implib,libcmTC_fec0d.dll.a -Wl,--major-image-version,0,--minor-image-version,0 @CMakeFiles/cmTC_fec0d.dir/linklibs.rsp
make[1]: Leaving directory '/home/hatf0/dev/blocklandjs/build/CMakeFiles/CMakeTmp'


    Feature record: CXX_FEATURE:0cxx_aggregate_default_initializers
    Feature record: CXX_FEATURE:1cxx_alias_templates
    Feature record: CXX_FEATURE:1cxx_alignas
    Feature record: CXX_FEATURE:1cxx_alignof
    Feature record: CXX_FEATURE:1cxx_attributes
    Feature record: CXX_FEATURE:0cxx_attribute_deprecated
    Feature record: CXX_FEATURE:1cxx_auto_type
    Feature record: CXX_FEATURE:0cxx_binary_literals
    Feature record: CXX_FEATURE:1cxx_constexpr
    Feature record: CXX_FEATURE:0cxx_contextual_conversions
    Feature record: CXX_FEATURE:1cxx_decltype
    Feature record: CXX_FEATURE:0cxx_decltype_auto
    Feature record: CXX_FEATURE:1cxx_decltype_incomplete_return_types
    Feature record: CXX_FEATURE:1cxx_default_function_template_args
    Feature record: CXX_FEATURE:1cxx_defaulted_functions
    Feature record: CXX_FEATURE:1cxx_defaulted_move_initializers
    Feature record: CXX_FEATURE:1cxx_delegating_constructors
    Feature record: CXX_FEATURE:1cxx_deleted_functions
    Feature record: CXX_FEATURE:0cxx_digit_separators
    Feature record: CXX_FEATURE:1cxx_enum_forward_declarations
    Feature record: CXX_FEATURE:1cxx_explicit_conversions
    Feature record: CXX_FEATURE:1cxx_extended_friend_declarations
    Feature record: CXX_FEATURE:1cxx_extern_templates
    Feature record: CXX_FEATURE:1cxx_final
    Feature record: CXX_FEATURE:1cxx_func_identifier
    Feature record: CXX_FEATURE:1cxx_generalized_initializers
    Feature record: CXX_FEATURE:0cxx_generic_lambdas
    Feature record: CXX_FEATURE:1cxx_inheriting_constructors
    Feature record: CXX_FEATURE:1cxx_inline_namespaces
    Feature record: CXX_FEATURE:1cxx_lambdas
    Feature record: CXX_FEATURE:0cxx_lambda_init_captures
    Feature record: CXX_FEATURE:1cxx_local_type_template_args
    Feature record: CXX_FEATURE:1cxx_long_long_type
    Feature record: CXX_FEATURE:1cxx_noexcept
    Feature record: CXX_FEATURE:1cxx_nonstatic_member_init
    Feature record: CXX_FEATURE:1cxx_nullptr
    Feature record: CXX_FEATURE:1cxx_override
    Feature record: CXX_FEATURE:1cxx_range_for
    Feature record: CXX_FEATURE:1cxx_raw_string_literals
    Feature record: CXX_FEATURE:1cxx_reference_qualified_functions
    Feature record: CXX_FEATURE:0cxx_relaxed_constexpr
    Feature record: CXX_FEATURE:0cxx_return_type_deduction
    Feature record: CXX_FEATURE:1cxx_right_angle_brackets
    Feature record: CXX_FEATURE:1cxx_rvalue_references
    Feature record: CXX_FEATURE:1cxx_sizeof_member
    Feature record: CXX_FEATURE:1cxx_static_assert
    Feature record: CXX_FEATURE:1cxx_strong_enums
    Feature record: CXX_FEATURE:1cxx_template_template_parameters
    Feature record: CXX_FEATURE:1cxx_thread_local
    Feature record: CXX_FEATURE:1cxx_trailing_return_types
    Feature record: CXX_FEATURE:1cxx_unicode_literals
    Feature record: CXX_FEATURE:1cxx_uniform_initialization
    Feature record: CXX_FEATURE:1cxx_unrestricted_unions
    Feature record: CXX_FEATURE:1cxx_user_literals
    Feature record: CXX_FEATURE:0cxx_variable_templates
    Feature record: CXX_FEATURE:1cxx_variadic_macros
    Feature record: CXX_FEATURE:1cxx_variadic_templates


Detecting CXX [-std=c++98] compiler features compiled with the following output:
Change Dir: /home/hatf0/dev/blocklandjs/build/CMakeFiles/CMakeTmp

Run Build Command:"/usr/bin/make" "cmTC_961f3/fast"
/usr/bin/make -f CMakeFiles/cmTC_961f3.dir/build.make CMakeFiles/cmTC_961f3.dir/build
make[1]: Entering directory '/home/hatf0/dev/blocklandjs/build/CMakeFiles/CMakeTmp'
Building CXX object CMakeFiles/cmTC_961f3.dir/feature_tests.cxx.obj
/usr/bin/i686-w64-mingw32-g++    -std=c++98 -o CMakeFiles/cmTC_961f3.dir/feature_tests.cxx.obj -c /home/hatf0/dev/blocklandjs/build/CMakeFiles/feature_tests.cxx
Linking CXX executable cmTC_961f3.exe
/usr/bin/cmake -E cmake_link_script CMakeFiles/cmTC_961f3.dir/link.txt --verbose=1
/usr/bin/cmake -E remove -f CMakeFiles/cmTC_961f3.dir/objects.a
/usr/bin/i686-w64-mingw32-ar cr CMakeFiles/cmTC_961f3.dir/objects.a @CMakeFiles/cmTC_961f3.dir/objects1.rsp
/usr/bin/i686-w64-mingw32-g++      -Wl,--whole-archive CMakeFiles/cmTC_961f3.dir/objects.a -Wl,--no-whole-archive  -o cmTC_961f3.exe -Wl,--out-implib,libcmTC_961f3.dll.a -Wl,--major-image-version,0,--minor-image-version,0 @CMakeFiles/cmTC_961f3.dir/linklibs.rsp
make[1]: Leaving directory '/home/hatf0/dev/blocklandjs/build/CMakeFiles/CMakeTmp'


    Feature record: CXX_FEATURE:0cxx_aggregate_default_initializers
    Feature record: CXX_FEATURE:0cxx_alias_templates
    Feature record: CXX_FEATURE:0cxx_alignas
    Feature record: CXX_FEATURE:0cxx_alignof
    Feature record: CXX_FEATURE:0cxx_attributes
    Feature record: CXX_FEATURE:0cxx_attribute_deprecated
    Feature record: CXX_FEATURE:0cxx_auto_type
    Feature record: CXX_FEATURE:0cxx_binary_literals
    Feature record: CXX_FEATURE:0cxx_constexpr
    Feature record: CXX_FEATURE:0cxx_contextual_conversions
    Feature record: CXX_FEATURE:0cxx_decltype
    Feature record: CXX_FEATURE:0cxx_decltype_auto
    Feature record: CXX_FEATURE:0cxx_decltype_incomplete_return_types
    Feature record: CXX_FEATURE:0cxx_default_function_template_args
    Feature record: CXX_FEATURE:0cxx_defaulted_functions
    Feature record: CXX_FEATURE:0cxx_defaulted_move_initializers
    Feature record: CXX_FEATURE:0cxx_delegating_constructors
    Feature record: CXX_FEATURE:0cxx_deleted_functions
    Feature record: CXX_FEATURE:0cxx_digit_separators
    Feature record: CXX_FEATURE:0cxx_enum_forward_declarations
    Feature record: CXX_FEATURE:0cxx_explicit_conversions
    Feature record: CXX_FEATURE:0cxx_extended_friend_declarations
    Feature record: CXX_FEATURE:0cxx_extern_templates
    Feature record: CXX_FEATURE:0cxx_final
    Feature record: CXX_FEATURE:0cxx_func_identifier
    Feature record: CXX_FEATURE:0cxx_generalized_initializers
    Feature record: CXX_FEATURE:0cxx_generic_lambdas
    Feature record: CXX_FEATURE:0cxx_inheriting_constructors
    Feature record: CXX_FEATURE:0cxx_inline_namespaces
    Feature record: CXX_FEATURE:0cxx_lambdas
    Feature record: CXX_FEATURE:0cxx_lambda_init_captures
    Feature record: CXX_FEATURE:0cxx_local_type_template_args
    Feature record: CXX_FEATURE:0cxx_long_long_type
    Feature record: CXX_FEATURE:0cxx_noexcept
    Feature record: CXX_FEATURE:0cxx_nonstatic_member_init
    Feature record: CXX_FEATURE:0cxx_nullptr
    Feature record: CXX_FEATURE:0cxx_override
    Feature record: CXX_FEATURE:0cxx_range_for
    Feature record: CXX_FEATURE:0cxx_raw_string_literals
    Feature record: CXX_FEATURE:0cxx_reference_qualified_functions
    Feature record: CXX_FEATURE:0cxx_relaxed_constexpr
    Feature record: CXX_FEATURE:0cxx_return_type_deduction
    Feature record: CXX_FEATURE:0cxx_right_angle_brackets
    Feature record: CXX_FEATURE:0cxx_rvalue_references
    Feature record: CXX_FEATURE:0cxx_sizeof_member
    Feature record: CXX_FEATURE:0cxx_static_assert
    Feature record: CXX_FEATURE:0cxx_strong_enums
    Feature record: CXX_FEATURE:1cxx_template_template_parameters
    Feature record: CXX_FEATURE:0cxx_thread_local
    Feature record: CXX_FEATURE:0cxx_trailing_return_types
    Feature record: CXX_FEATURE:0cxx_unicode_literals
    Feature record: CXX_FEATURE:0cxx_uniform_initialization
    Feature record: CXX_FEATURE:0cxx_unrestricted_unions
    Feature record: CXX_FEATURE:0cxx_user_literals
    Feature record: CXX_FEATURE:0cxx_variable_templates
    Feature record: CXX_FEATURE:0cxx_variadic_macros
    Feature record: CXX_FEATURE:0cxx_variadic_templates
Determining if the include file sys/types.h exists passed with the following output:
Change Dir: /home/hatf0/dev/blocklandjs/build/CMakeFiles/CMakeTmp

Run Build Command:"/usr/bin/make" "cmTC_2e4d9/fast"
/usr/bin/make -f CMakeFiles/cmTC_2e4d9.dir/build.make CMakeFiles/cmTC_2e4d9.dir/build
make[1]: Entering directory '/home/hatf0/dev/blocklandjs/build/CMakeFiles/CMakeTmp'
Building C object CMakeFiles/cmTC_2e4d9.dir/CheckIncludeFile.c.obj
/usr/bin/i686-w64-mingw32-gcc    -o CMakeFiles/cmTC_2e4d9.dir/CheckIncludeFile.c.obj   -c /home/hatf0/dev/blocklandjs/build/CMakeFiles/CMakeTmp/CheckIncludeFile.c
Linking C executable cmTC_2e4d9.exe
/usr/bin/cmake -E cmake_link_script CMakeFiles/cmTC_2e4d9.dir/link.txt --verbose=1
/usr/bin/cmake -E remove -f CMakeFiles/cmTC_2e4d9.dir/objects.a
/usr/bin/i686-w64-mingw32-ar cr CMakeFiles/cmTC_2e4d9.dir/objects.a @CMakeFiles/cmTC_2e4d9.dir/objects1.rsp
/usr/bin/i686-w64-mingw32-gcc      -Wl,--whole-archive CMakeFiles/cmTC_2e4d9.dir/objects.a -Wl,--no-whole-archive  -o cmTC_2e4d9.exe -Wl,--out-implib,libcmTC_2e4d9.dll.a -Wl,--major-image-version,0,--minor-image-version,0 @CMakeFiles/cmTC_2e4d9.dir/linklibs.rsp
make[1]: Leaving directory '/home/hatf0/dev/blocklandjs/build/CMakeFiles/CMakeTmp'


Determining if the include file stdint.h exists passed with the following output:
Change Dir: /home/hatf0/dev/blocklandjs/build/CMakeFiles/CMakeTmp

Run Build Command:"/usr/bin/make" "cmTC_5f286/fast"
/usr/bin/make -f CMakeFiles/cmTC_5f286.dir/build.make CMakeFiles/cmTC_5f286.dir/build
make[1]: Entering directory '/home/hatf0/dev/blocklandjs/build/CMakeFiles/CMakeTmp'
Building C object CMakeFiles/cmTC_5f286.dir/CheckIncludeFile.c.obj
/usr/bin/i686-w64-mingw32-gcc    -o CMakeFiles/cmTC_5f286.dir/CheckIncludeFile.c.obj   -c /home/hatf0/dev/blocklandjs/build/CMakeFiles/CMakeTmp/CheckIncludeFile.c
Linking C executable cmTC_5f286.exe
/usr/bin/cmake -E cmake_link_script CMakeFiles/cmTC_5f286.dir/link.txt --verbose=1
/usr/bin/cmake -E remove -f CMakeFiles/cmTC_5f286.dir/objects.a
/usr/bin/i686-w64-mingw32-ar cr CMakeFiles/cmTC_5f286.dir/objects.a @CMakeFiles/cmTC_5f286.dir/objects1.rsp
/usr/bin/i686-w64-mingw32-gcc      -Wl,--whole-archive CMakeFiles/cmTC_5f286.dir/objects.a -Wl,--no-whole-archive  -o cmTC_5f286.exe -Wl,--out-implib,libcmTC_5f286.dll.a -Wl,--major-image-version,0,--minor-image-version,0 @CMakeFiles/cmTC_5f286.dir/linklibs.rsp
make[1]: Leaving directory '/home/hatf0/dev/blocklandjs/build/CMakeFiles/CMakeTmp'


Determining if the include file stddef.h exists passed with the following output:
Change Dir: /home/hatf0/dev/blocklandjs/build/CMakeFiles/CMakeTmp

Run Build Command:"/usr/bin/make" "cmTC_ab352/fast"
/usr/bin/make -f CMakeFiles/cmTC_ab352.dir/build.make CMakeFiles/cmTC_ab352.dir/build
make[1]: Entering directory '/home/hatf0/dev/blocklandjs/build/CMakeFiles/CMakeTmp'
Building C object CMakeFiles/cmTC_ab352.dir/CheckIncludeFile.c.obj
/usr/bin/i686-w64-mingw32-gcc    -o CMakeFiles/cmTC_ab352.dir/CheckIncludeFile.c.obj   -c /home/hatf0/dev/blocklandjs/build/CMakeFiles/CMakeTmp/CheckIncludeFile.c
Linking C executable cmTC_ab352.exe
/usr/bin/cmake -E cmake_link_script CMakeFiles/cmTC_ab352.dir/link.txt --verbose=1
/usr/bin/cmake -E remove -f CMakeFiles/cmTC_ab352.dir/objects.a
/usr/bin/i686-w64-mingw32-ar cr CMakeFiles/cmTC_ab352.dir/objects.a @CMakeFiles/cmTC_ab352.dir/objects1.rsp
/usr/bin/i686-w64-mingw32-gcc      -Wl,--whole-archive CMakeFiles/cmTC_ab352.dir/objects.a -Wl,--no-whole-archive  -o cmTC_ab352.exe -Wl,--out-implib,libcmTC_ab352.dll.a -Wl,--major-image-version,0,--minor-image-version,0 @CMakeFiles/cmTC_ab352.dir/linklibs.rsp
make[1]: Leaving directory '/home/hatf0/dev/blocklandjs/build/CMakeFiles/CMakeTmp'


Determining size of void* passed with the following output:
Change Dir: /home/hatf0/dev/blocklandjs/build/CMakeFiles/CMakeTmp

Run Build Command:"/usr/bin/make" "cmTC_9e0b9/fast"
/usr/bin/make -f CMakeFiles/cmTC_9e0b9.dir/build.make CMakeFiles/cmTC_9e0b9.dir/build
make[1]: Entering directory '/home/hatf0/dev/blocklandjs/build/CMakeFiles/CMakeTmp'
Building C object CMakeFiles/cmTC_9e0b9.dir/SIZEOF_VOID_P.c.obj
/usr/bin/i686-w64-mingw32-gcc    -o CMakeFiles/cmTC_9e0b9.dir/SIZEOF_VOID_P.c.obj   -c /home/hatf0/dev/blocklandjs/build/CMakeFiles/CheckTypeSize/SIZEOF_VOID_P.c
Linking C executable cmTC_9e0b9.exe
/usr/bin/cmake -E cmake_link_script CMakeFiles/cmTC_9e0b9.dir/link.txt --verbose=1
/usr/bin/cmake -E remove -f CMakeFiles/cmTC_9e0b9.dir/objects.a
/usr/bin/i686-w64-mingw32-ar cr CMakeFiles/cmTC_9e0b9.dir/objects.a @CMakeFiles/cmTC_9e0b9.dir/objects1.rsp
/usr/bin/i686-w64-mingw32-gcc      -Wl,--whole-archive CMakeFiles/cmTC_9e0b9.dir/objects.a -Wl,--no-whole-archive  -o cmTC_9e0b9.exe -Wl,--out-implib,libcmTC_9e0b9.dll.a -Wl,--major-image-version,0,--minor-image-version,0 @CMakeFiles/cmTC_9e0b9.dir/linklibs.rsp
make[1]: Leaving directory '/home/hatf0/dev/blocklandjs/build/CMakeFiles/CMakeTmp'


